<?xml version="1.0" encoding="UTF-8"?>
<testng-results ignored="0" total="2" passed="2" failed="0" skipped="0">
  <reporter-output>
  </reporter-output>
  <suite started-at="2023-06-19T00:39:40 IST" name="Default suite" finished-at="2023-06-19T00:39:43 IST" duration-ms="3114">
    <groups>
    </groups>
    <test started-at="2023-06-19T00:39:40 IST" name="Default test" finished-at="2023-06-19T00:39:43 IST" duration-ms="3114">
      <class name="Tests.GetandPostExamples">
        <test-method signature="testGet()[pri:0, instance:Tests.GetandPostExamples@1d9b7cce]" started-at="2023-06-19T00:39:40 IST" name="testGet" finished-at="2023-06-19T00:39:43 IST" duration-ms="2366" status="PASS">
          <reporter-output>
          </reporter-output>
        </test-method> <!-- testGet -->
        <test-method signature="testPost()[pri:0, instance:Tests.GetandPostExamples@1d9b7cce]" started-at="2023-06-19T00:39:43 IST" name="testPost" finished-at="2023-06-19T00:39:43 IST" duration-ms="703" status="PASS">
          <reporter-output>
          </reporter-output>
        </test-method> <!-- testPost -->
      </class> <!-- Tests.GetandPostExamples -->
    </test> <!-- Default test -->
  </suite> <!-- Default suite -->
</testng-results>
